<?xml version="1.0" encoding="UTF-8"?>
<!-- Generated by org.testng.reporters.JUnitReportReporter -->
<testsuite hostname="MALOOTYPC" name="practiceTests.SpaceEditionTests" tests="2" failures="1" timestamp="19 Nov 2019 19:47:01 GMT" time="0.034" errors="0">
  <testcase name="findDuplicate_Test4" time="0.017" classname="practiceTests.SpaceEditionTests"/>
  <testcase name="findDuplicate_Test3" time="0.017" classname="practiceTests.SpaceEditionTests">
    <failure type="java.lang.IllegalArgumentException" message=" Invalid Integer in the Array, Should be less than7!!">
      <![CDATA[java.lang.IllegalArgumentException:  Invalid Integer in the Array, Should be less than7!!
	at practiseProblems.SpaceEdition.findDuplicates(SpaceEdition.java:13)
	at practiceTests.SpaceEditionTests.findDuplicate_Test3(SpaceEditionTests.java:28)
	at sun.reflect.NativeMethodAccessorImpl.invoke0(Native Method)
	at sun.reflect.NativeMethodAccessorImpl.invoke(NativeMethodAccessorImpl.java:62)
	at sun.reflect.DelegatingMethodAccessorImpl.invoke(DelegatingMethodAccessorImpl.java:43)
	at java.lang.reflect.Method.invoke(Method.java:498)
	at org.testng.internal.MethodInvocationHelper.invokeMethod(MethodInvocationHelper.java:84)
	at org.testng.internal.Invoker.invokeMethod(Invoker.java:714)
	at org.testng.internal.Invoker.invokeTestMethod(Invoker.java:901)
	at org.testng.internal.Invoker.invokeTestMethods(Invoker.java:1231)
	at org.testng.internal.TestMethodWorker.invokeTestMethods(TestMethodWorker.java:127)
	at org.testng.internal.TestMethodWorker.run(TestMethodWorker.java:111)
	at java.util.concurrent.ThreadPoolExecutor.runWorker(ThreadPoolExecutor.java:1149)
	at java.util.concurrent.ThreadPoolExecutor$Worker.run(ThreadPoolExecutor.java:624)
	at java.lang.Thread.run(Thread.java:748)
]]>
    </failure>
  </testcase> <!-- findDuplicate_Test3 -->
</testsuite> <!-- practiceTests.SpaceEditionTests -->
